<?xml version="1.0" encoding="UTF-8"?>
<!-- Generated by org.testng.reporters.JUnitReportReporter -->
<testsuite hostname="Manoj-007" failures="0" tests="3" name="Scripts.example" time="19.171" errors="0" timestamp="2024-04-16T12:36:25 IST" skipped="0">
  <testcase classname="Scripts.example" name="example1" time="7.379"/>
  <system-out/>
  <testcase classname="Scripts.example" name="example2" time="5.890"/>
  <system-out/>
  <testcase classname="Scripts.example" name="example3" time="5.902"/>
  <system-out/>
</testsuite> <!-- Scripts.example -->
