<?xml version="1.0" encoding="UTF-8"?>
<!-- Generated by org.testng.reporters.JUnitReportReporter -->
<testsuite hostname="Manoj-007" failures="0" tests="3" name="Scripts.Sample" time="21.592" errors="0" timestamp="2024-04-16T12:36:25 IST" skipped="0">
  <testcase classname="Scripts.Sample" name="demo1" time="7.979"/>
  <system-out/>
  <testcase classname="Scripts.Sample" name="demo2" time="7.171"/>
  <system-out/>
  <testcase classname="Scripts.Sample" name="demo3" time="6.442"/>
  <system-out/>
</testsuite> <!-- Scripts.Sample -->
