<?xml version="1.0" encoding="UTF-8"?>
<!-- Generated by org.testng.reporters.JUnitReportReporter -->
<testsuite hostname="Manoj-007" failures="0" tests="3" name="Scripts.Demo" time="19.993" errors="0" timestamp="2024-04-16T12:36:25 IST" skipped="0">
  <testcase classname="Scripts.Demo" name="script2" time="6.097"/>
  <system-out/>
  <testcase classname="Scripts.Demo" name="script1" time="6.275"/>
  <system-out/>
  <testcase classname="Scripts.Demo" name="script3" time="7.621"/>
  <system-out/>
</testsuite> <!-- Scripts.Demo -->
