<?xml version="1.0" encoding="UTF-8"?>
<!-- Generated by org.testng.reporters.JUnitReportReporter -->
<testsuite hostname="Manoj-007" failures="0" tests="1" name="Cart.HAndMFLow1" time="45.927" errors="0" timestamp="2024-04-25T15:44:36 IST" skipped="0">
  <testcase classname="Cart.HAndMFLow1" name="script" time="45.927"/>
  <system-out/>
</testsuite> <!-- Cart.HAndMFLow1 -->
