<?xml version="1.0" encoding="UTF-8"?>
<!-- Generated by org.testng.reporters.JUnitReportReporter -->
<testsuite hostname="Manoj-007" failures="0" tests="1" name="Wishlist.HAndMFlow2" time="43.440" errors="0" timestamp="2024-04-24T22:22:49 IST" skipped="0">
  <testcase classname="Wishlist.HAndMFlow2" name="script" time="43.440"/>
  <system-out/>
</testsuite> <!-- Wishlist.HAndMFlow2 -->
