<?xml version="1.0" encoding="UTF-8"?>
<!-- Generated by org.testng.reporters.JUnitReportReporter -->
<testsuite hostname="Manoj-007" failures="0" tests="1" name="Cart.HAndMFlow4" time="40.582" errors="0" timestamp="2024-04-25T10:52:43 IST" skipped="0">
  <testcase classname="Cart.HAndMFlow4" name="script" time="40.582"/>
  <system-out/>
</testsuite> <!-- Cart.HAndMFlow4 -->
