<?xml version="1.0" encoding="UTF-8"?>
<!-- Generated by org.testng.reporters.JUnitReportReporter -->
<testsuite hostname="Manoj-007" failures="0" tests="1" name="KidsDress.HAndMFlow3" time="27.725" errors="0" timestamp="2024-04-25T10:28:58 IST" skipped="0">
  <testcase classname="KidsDress.HAndMFlow3" name="script" time="27.725"/>
  <system-out/>
</testsuite> <!-- KidsDress.HAndMFlow3 -->
