<?xml version="1.0" encoding="UTF-8"?>
<!-- Generated by org.testng.reporters.JUnitReportReporter -->
<testsuite hostname="Manoj-007" failures="0" tests="1" name="StorageLocator.VerifyStorageLocator" time="22.141" errors="0" timestamp="2024-04-25T16:27:52 IST" skipped="0">
  <testcase classname="StorageLocator.VerifyStorageLocator" name="script" time="22.141"/>
  <system-out/>
</testsuite> <!-- StorageLocator.VerifyStorageLocator -->
